<?xml version="1.0" encoding="UTF-8"?>
<testsuite name="Tests.ApplicationTest" tests="13" skipped="0" failures="0" errors="0" timestamp="2024-12-17T22:32:59" hostname="DESKTOP-6LD6GLD" time="0.141">
  <properties/>
  <testcase name="testSortPlayersByName()" classname="Tests.ApplicationTest" time="0.067"/>
  <testcase name="testCreateEvent()" classname="Tests.ApplicationTest" time="0.004"/>
  <testcase name="testRemoveAdmin()" classname="Tests.ApplicationTest" time="0.003"/>
  <testcase name="testSortEventsByDate()" classname="Tests.ApplicationTest" time="0.003"/>
  <testcase name="testAddAdmin()" classname="Tests.ApplicationTest" time="0.005"/>
  <testcase name="testWithdraw()" classname="Tests.ApplicationTest" time="0.003"/>
  <testcase name="testPlayerLogin()" classname="Tests.ApplicationTest" time="0.004"/>
  <testcase name="testAdminLogin()" classname="Tests.ApplicationTest" time="0.003"/>
  <testcase name="testFilterBySportTyoe()" classname="Tests.ApplicationTest" time="0.003"/>
  <testcase name="testRemovePlayer()" classname="Tests.ApplicationTest" time="0.003"/>
  <testcase name="testAddPlayer()" classname="Tests.ApplicationTest" time="0.003"/>
  <testcase name="testFilterByTransactionType()" classname="Tests.ApplicationTest" time="0.002"/>
  <testcase name="testDeposit()" classname="Tests.ApplicationTest" time="0.002"/>
  <system-out><![CDATA[]]></system-out>
  <system-err><![CDATA[]]></system-err>
</testsuite>
